<?xml version="1.0" encoding="UTF-8"?>
<testng-results ignored="0" total="1" passed="1" failed="0" skipped="0">
  <reporter-output>
  </reporter-output>
  <suite started-at="2024-04-30T15:25:18 IST" name="Suite1" finished-at="2024-04-30T15:25:18 IST" duration-ms="30">
    <groups>
    </groups>
    <test started-at="2024-04-30T15:25:18 IST" name="test1" finished-at="2024-04-30T15:25:18 IST" duration-ms="30">
      <class name="p2.A">
        <test-method signature="test()[pri:0, instance:p2.A@161479c6]" started-at="2024-04-30T15:25:18 IST" name="test" finished-at="2024-04-30T15:25:18 IST" duration-ms="3" status="PASS">
          <reporter-output>
          </reporter-output>
        </test-method> <!-- test -->
      </class> <!-- p2.A -->
    </test> <!-- test1 -->
  </suite> <!-- Suite1 -->
</testng-results>
